{"/Library/WebServer/Documents/Work/mdx-deck-edges/src/index.js": {"path":"/Library/WebServer/Documents/Work/mdx-deck-edges/src/index.js","statementMap":{"0":{"start":{"line":18,"column":8},"end":{"line":18,"column":18}},"1":{"start":{"line":20,"column":4},"end":{"line":100,"column":5}},"2":{"start":{"line":104,"column":0},"end":{"line":115,"column":1}},"3":{"start":{"line":117,"column":0},"end":{"line":119,"column":1}}},"fnMap":{"0":{"name":"(anonymous_0)","decl":{"start":{"line":5,"column":2},"end":{"line":5,"column":3}},"loc":{"start":{"line":5,"column":11},"end":{"line":101,"column":3}},"line":5}},"branchMap":{"0":{"loc":{"start":{"line":24,"column":9},"end":{"line":28,"column":16}},"type":"cond-expr","locations":[{"start":{"line":25,"column":10},"end":{"line":27,"column":16}},{"start":{"line":28,"column":12},"end":{"line":28,"column":16}}],"line":24},"1":{"loc":{"start":{"line":30,"column":9},"end":{"line":41,"column":16}},"type":"cond-expr","locations":[{"start":{"line":31,"column":10},"end":{"line":40,"column":16}},{"start":{"line":41,"column":12},"end":{"line":41,"column":16}}],"line":30},"2":{"loc":{"start":{"line":43,"column":9},"end":{"line":47,"column":16}},"type":"cond-expr","locations":[{"start":{"line":44,"column":10},"end":{"line":46,"column":16}},{"start":{"line":47,"column":12},"end":{"line":47,"column":16}}],"line":43},"3":{"loc":{"start":{"line":49,"column":9},"end":{"line":60,"column":16}},"type":"cond-expr","locations":[{"start":{"line":50,"column":10},"end":{"line":59,"column":16}},{"start":{"line":60,"column":12},"end":{"line":60,"column":16}}],"line":49},"4":{"loc":{"start":{"line":62,"column":9},"end":{"line":66,"column":16}},"type":"cond-expr","locations":[{"start":{"line":63,"column":10},"end":{"line":65,"column":16}},{"start":{"line":66,"column":12},"end":{"line":66,"column":16}}],"line":62},"5":{"loc":{"start":{"line":68,"column":9},"end":{"line":79,"column":16}},"type":"cond-expr","locations":[{"start":{"line":69,"column":10},"end":{"line":78,"column":16}},{"start":{"line":79,"column":12},"end":{"line":79,"column":16}}],"line":68},"6":{"loc":{"start":{"line":81,"column":9},"end":{"line":85,"column":16}},"type":"cond-expr","locations":[{"start":{"line":82,"column":10},"end":{"line":84,"column":16}},{"start":{"line":85,"column":12},"end":{"line":85,"column":16}}],"line":81},"7":{"loc":{"start":{"line":87,"column":9},"end":{"line":98,"column":16}},"type":"cond-expr","locations":[{"start":{"line":88,"column":10},"end":{"line":97,"column":16}},{"start":{"line":98,"column":12},"end":{"line":98,"column":16}}],"line":87}},"s":{"0":2,"1":2,"2":1,"3":1},"f":{"0":2},"b":{"0":[1,1],"1":[1,1],"2":[1,1],"3":[1,1],"4":[1,1],"5":[1,1],"6":[1,1],"7":[1,1]},"_coverageSchema":"332fd63041d2c1bcb487cc26dd0d5f7d97098a6c","hash":"5ba564cdbcfd7ac90521c37b41a34c0c3c35fc2e"}
}
